<?xml version="1.0" encoding="UTF-8"?>
<testng-results skipped="0" failed="0" ignored="0" total="1" passed="1">
  <reporter-output>
  </reporter-output>
  <suite name="Default suite" duration-ms="34033" started-at="2018-02-15T23:56:53Z" finished-at="2018-02-15T23:57:27Z">
    <groups>
    </groups>
    <test name="Default test" duration-ms="34033" started-at="2018-02-15T23:56:53Z" finished-at="2018-02-15T23:57:27Z">
      <class name="tests.AmazonTestCases">
        <test-method status="PASS" signature="setUp()[pri:0, instance:tests.AmazonTestCases@457e2f02]" name="setUp" is-config="true" duration-ms="2813" started-at="2018-02-15T18:56:53Z" finished-at="2018-02-15T18:56:56Z">
          <reporter-output>
          </reporter-output>
        </test-method> <!-- setUp -->
        <test-method status="PASS" signature="test2()[pri:0, instance:tests.AmazonTestCases@457e2f02]" name="test2" duration-ms="31195" started-at="2018-02-15T18:56:56Z" finished-at="2018-02-15T18:57:27Z">
          <reporter-output>
          </reporter-output>
        </test-method> <!-- test2 -->
      </class> <!-- tests.AmazonTestCases -->
    </test> <!-- Default test -->
  </suite> <!-- Default suite -->
</testng-results>
